Using pre-set license
Built from '2022.3/staging' branch; Version is '2022.3.22f1 (887be4894c44) revision 8944612'; Using compiler version '192829333'; Build Type 'Release'
OS: 'Windows 11  (10.0.22631) 64bit Core' Language: 'de' Physical Memory: 8079 MB
BatchMode: 1, IsHumanControllingUs: 0, StartBugReporterOnCrash: 0, Is64bit: 1, IsPro: 1

COMMAND LINE ARGUMENTS:
C:\Program Files\Unity\Hub\Editor\2022.3.22f1\Editor\Unity.exe
-adb2
-batchMode
-noUpm
-name
AssetImportWorker0
-projectPath
C:/Users/grani/Desktop/Unity Projects/PercyJackson
-logFile
Logs/AssetImportWorker0.log
-srvPort
53253
Successfully changed project path to: C:/Users/grani/Desktop/Unity Projects/PercyJackson
C:/Users/grani/Desktop/Unity Projects/PercyJackson
[UnityMemory] Configuration Parameters - Can be set up in boot.config
    "memorysetup-bucket-allocator-granularity=16"
    "memorysetup-bucket-allocator-bucket-count=8"
    "memorysetup-bucket-allocator-block-size=33554432"
    "memorysetup-bucket-allocator-block-count=8"
    "memorysetup-main-allocator-block-size=16777216"
    "memorysetup-thread-allocator-block-size=16777216"
    "memorysetup-gfx-main-allocator-block-size=16777216"
    "memorysetup-gfx-thread-allocator-block-size=16777216"
    "memorysetup-cache-allocator-block-size=4194304"
    "memorysetup-typetree-allocator-block-size=2097152"
    "memorysetup-profiler-bucket-allocator-granularity=16"
    "memorysetup-profiler-bucket-allocator-bucket-count=8"
    "memorysetup-profiler-bucket-allocator-block-size=33554432"
    "memorysetup-profiler-bucket-allocator-block-count=8"
    "memorysetup-profiler-allocator-block-size=16777216"
    "memorysetup-profiler-editor-allocator-block-size=1048576"
    "memorysetup-temp-allocator-size-main=16777216"
    "memorysetup-job-temp-allocator-block-size=2097152"
    "memorysetup-job-temp-allocator-block-size-background=1048576"
    "memorysetup-job-temp-allocator-reduction-small-platforms=262144"
    "memorysetup-allocator-temp-initial-block-size-main=262144"
    "memorysetup-allocator-temp-initial-block-size-worker=262144"
    "memorysetup-temp-allocator-size-background-worker=32768"
    "memorysetup-temp-allocator-size-job-worker=262144"
    "memorysetup-temp-allocator-size-preload-manager=33554432"
    "memorysetup-temp-allocator-size-nav-mesh-worker=65536"
    "memorysetup-temp-allocator-size-audio-worker=65536"
    "memorysetup-temp-allocator-size-cloud-worker=32768"
    "memorysetup-temp-allocator-size-gi-baking-worker=262144"
    "memorysetup-temp-allocator-size-gfx=262144"
Player connection [9936] Host "[IP] 192.168.56.1 [Port] 0 [Flags] 2 [Guid] 929436894 [EditorId] 929436894 [Version] 1048832 [Id] WindowsEditor(7,LAPTOP-9CDV3T1K) [Debug] 1 [PackageName] WindowsEditor [ProjectName] Editor" joined multi-casting on [225.0.0.222:54997]...

Player connection [9936] Host "[IP] 192.168.56.1 [Port] 0 [Flags] 2 [Guid] 929436894 [EditorId] 929436894 [Version] 1048832 [Id] WindowsEditor(7,LAPTOP-9CDV3T1K) [Debug] 1 [PackageName] WindowsEditor [ProjectName] Editor" joined alternative multi-casting on [225.0.0.222:34997]...

[Physics::Module] Initialized MultithreadedJobDispatcher with 7 workers.
Refreshing native plugins compatible for Editor in 38.78 ms, found 4 plugins.
Preloading 0 native plugins for Editor in 0.00 ms.
Initialize engine version: 2022.3.22f1 (887be4894c44)
[Subsystems] Discovering subsystems at path C:/Program Files/Unity/Hub/Editor/2022.3.22f1/Editor/Data/Resources/UnitySubsystems
[Subsystems] Discovering subsystems at path C:/Users/grani/Desktop/Unity Projects/PercyJackson/Assets
GfxDevice: creating device client; threaded=0; jobified=0
Direct3D:
    Version:  Direct3D 11.0 [level 11.0]
    Renderer: NVIDIA GeForce MX130 (ID=0x174d)
    Vendor:   NVIDIA
    VRAM:     2008 MB
    Driver:   31.0.15.4680
Initialize mono
Mono path[0] = 'C:/Program Files/Unity/Hub/Editor/2022.3.22f1/Editor/Data/Managed'
Mono path[1] = 'C:/Program Files/Unity/Hub/Editor/2022.3.22f1/Editor/Data/MonoBleedingEdge/lib/mono/unityjit-win32'
Mono config path = 'C:/Program Files/Unity/Hub/Editor/2022.3.22f1/Editor/Data/MonoBleedingEdge/etc'
Using monoOptions --debugger-agent=transport=dt_socket,embedding=1,server=y,suspend=n,address=127.0.0.1:56184
Begin MonoManager ReloadAssembly
Registering precompiled unity dll's ...
Register platform support module: C:/Program Files/Unity/Hub/Editor/2022.3.22f1/Editor/Data/PlaybackEngines/WindowsStandaloneSupport/UnityEditor.WindowsStandalone.Extensions.dll
Registered in 0.014929 seconds.
- Loaded All Assemblies, in  0.760 seconds
Native extension for WindowsStandalone target not found
Mono: successfully reloaded assembly
- Finished resetting the current domain, in  0.652 seconds
Domain Reload Profiling: 1410ms
	BeginReloadAssembly (255ms)
		ExecutionOrderSort (0ms)
		DisableScriptedObjects (0ms)
		BackupInstance (0ms)
		ReleaseScriptingObjects (0ms)
		CreateAndSetChildDomain (1ms)
	RebuildCommonClasses (69ms)
	RebuildNativeTypeToScriptingClass (21ms)
	initialDomainReloadingComplete (114ms)
	LoadAllAssembliesAndSetupDomain (298ms)
		LoadAssemblies (251ms)
		RebuildTransferFunctionScriptingTraits (0ms)
		AnalyzeDomain (294ms)
			TypeCache.Refresh (291ms)
				TypeCache.ScanAssembly (262ms)
			ScanForSourceGeneratedMonoScriptInfo (1ms)
			ResolveRequiredComponents (1ms)
	FinalizeReload (653ms)
		ReleaseScriptCaches (0ms)
		RebuildScriptCaches (0ms)
		SetupLoadedEditorAssemblies (509ms)
			LogAssemblyErrors (0ms)
			InitializePlatformSupportModulesInManaged (18ms)
			SetLoadedEditorAssemblies (17ms)
			RefreshPlugins (0ms)
			BeforeProcessingInitializeOnLoad (5ms)
			ProcessInitializeOnLoadAttributes (323ms)
			ProcessInitializeOnLoadMethodAttributes (145ms)
			AfterProcessingInitializeOnLoad (0ms)
			EditorAssembliesLoaded (0ms)
		ExecutionOrderSort2 (0ms)
		AwakeInstancesAfterBackupRestoration (0ms)
========================================================================
Worker process is ready to serve import requests
Begin MonoManager ReloadAssembly
- Loaded All Assemblies, in  2.084 seconds
Refreshing native plugins compatible for Editor in 12.84 ms, found 4 plugins.
Native extension for WindowsStandalone target not found
Package Manager log level set to [2]
[Package Manager] Server::EnsureServerProcessIsRunning -- launch failed, reason: Unity was launched with the -noUpm command-line argument
[Package Manager] UpmClient::Send -- Unable to send message (not connected to UPM process).
[Package Manager] Cannot connect to Unity Package Manager local server
Mono: successfully reloaded assembly
- Finished resetting the current domain, in  2.279 seconds
Domain Reload Profiling: 4356ms
	BeginReloadAssembly (593ms)
		ExecutionOrderSort (0ms)
		DisableScriptedObjects (15ms)
		BackupInstance (0ms)
		ReleaseScriptingObjects (0ms)
		CreateAndSetChildDomain (68ms)
	RebuildCommonClasses (134ms)
	RebuildNativeTypeToScriptingClass (29ms)
	initialDomainReloadingComplete (111ms)
	LoadAllAssembliesAndSetupDomain (1209ms)
		LoadAssemblies (1114ms)
		RebuildTransferFunctionScriptingTraits (0ms)
		AnalyzeDomain (503ms)
			TypeCache.Refresh (428ms)
				TypeCache.ScanAssembly (386ms)
			ScanForSourceGeneratedMonoScriptInfo (57ms)
			ResolveRequiredComponents (15ms)
	FinalizeReload (2280ms)
		ReleaseScriptCaches (0ms)
		RebuildScriptCaches (0ms)
		SetupLoadedEditorAssemblies (1731ms)
			LogAssemblyErrors (0ms)
			InitializePlatformSupportModulesInManaged (18ms)
			SetLoadedEditorAssemblies (13ms)
			RefreshPlugins (0ms)
			BeforeProcessingInitializeOnLoad (221ms)
			ProcessInitializeOnLoadAttributes (1357ms)
			ProcessInitializeOnLoadMethodAttributes (105ms)
			AfterProcessingInitializeOnLoad (16ms)
			EditorAssembliesLoaded (0ms)
		ExecutionOrderSort2 (0ms)
		AwakeInstancesAfterBackupRestoration (26ms)
Launched and connected shader compiler UnityShaderCompiler.exe after 0.12 seconds
Refreshing native plugins compatible for Editor in 18.77 ms, found 4 plugins.
Preloading 0 native plugins for Editor in 0.00 ms.
Unloading 4086 Unused Serialized files (Serialized files now loaded: 0)
Unloading 70 unused Assets / (244.8 KB). Loaded Objects now: 4542.
Memory consumption went from 148.2 MB to 148.0 MB.
Total: 13.293100 ms (FindLiveObjects: 0.863200 ms CreateObjectMapping: 0.936200 ms MarkObjects: 10.822600 ms  DeleteObjects: 0.668200 ms)

AssetImportParameters requested are different than current active one (requested -> active):
  custom:container-demuxer-ogg: 62fdf1f143b41e24485cea50d1cbac27 -> 
  custom:video-decoder-ogg-theora: a1e56fd34408186e4bbccfd4996cb3dc -> 
  custom:framework-win-MediaFoundation: 216162199b28c13a410421893ffa2e32 -> 
  custom:CustomObjectIndexerAttribute: 9a22284fe3817be447336de3de66b15e -> 
  custom:container-demuxer-webm: 4f35f7cbe854078d1ac9338744f61a02 -> 
  custom:container-muxer-webm: aa71ff27fc2769a1b78a27578f13a17b -> 
  custom:video-decoder-webm-vp8: 9c59270c3fd7afecdb556c50c9e8de78 -> 
  custom:SearchIndexIgnoredProperties: e643bd26f0fe6173181afceb89e7c659 -> 
  custom:AudioImporter_EditorPlatform: d09bf68614088b80899f8185d706f6e7 -> 
  custom:video-encoder-webm-vp8: eb34c28f22e8b96e1ab97ce403110664 -> 
  custom:audio-decoder-ogg-vorbis: bf7c407c2cedff20999df2af8eb42d56 -> 
  custom:audio-encoder-webm-vorbis: bf7c407c2cedff20999df2af8eb42d56 -> 
========================================================================
Received Import Request.
  Time since last request: 1204826.321208 seconds.
  path: Assets/Resources/Questions/Bibliothek.asset
  artifactKey: Guid(bad8548344c2cdf4ab0647b6bed4ad88) Importer(815301076,1909f56bfc062723c751e8b465ee728b)
Start importing Assets/Resources/Questions/Bibliothek.asset using Guid(bad8548344c2cdf4ab0647b6bed4ad88) Importer(815301076,1909f56bfc062723c751e8b465ee728b)  -> (artifact id: 'afdfd082dacc72390f6555b261e1130a') in 0.038284 seconds
Number of updated asset objects reloaded before import = 0
Number of asset objects unloaded after import = 1
========================================================================
Received Import Request.
  Time since last request: 4.462142 seconds.
  path: Assets/Resources/Questions/Elternteil.asset
  artifactKey: Guid(bad8548344c2cdf4ab0647b6bed4ad88) Importer(815301076,1909f56bfc062723c751e8b465ee728b)
Start importing Assets/Resources/Questions/Elternteil.asset using Guid(bad8548344c2cdf4ab0647b6bed4ad88) Importer(815301076,1909f56bfc062723c751e8b465ee728b)  -> (artifact id: 'b22ca09cdb35a8fedad6c618abaf76a9') in 0.001406 seconds
Number of updated asset objects reloaded before import = 0
Number of asset objects unloaded after import = 1
========================================================================
Received Import Request.
  Time since last request: 50.939075 seconds.
  path: Assets/Resources/Questions/Buchreihe.asset
  artifactKey: Guid(91112022249ad14499d2eca27af9de2d) Importer(815301076,1909f56bfc062723c751e8b465ee728b)
Start importing Assets/Resources/Questions/Buchreihe.asset using Guid(91112022249ad14499d2eca27af9de2d) Importer(815301076,1909f56bfc062723c751e8b465ee728b)  -> (artifact id: 'd8fc998e5737b44f9214993fe2414ca0') in 0.001349 seconds
Number of updated asset objects reloaded before import = 0
Number of asset objects unloaded after import = 1
========================================================================
Received Import Request.
  Time since last request: 6.373192 seconds.
  path: Assets/Resources/Questions/WeißeHaare.asset
  artifactKey: Guid(91112022249ad14499d2eca27af9de2d) Importer(815301076,1909f56bfc062723c751e8b465ee728b)
Start importing Assets/Resources/Questions/WeißeHaare.asset using Guid(91112022249ad14499d2eca27af9de2d) Importer(815301076,1909f56bfc062723c751e8b465ee728b)  -> (artifact id: '3968f31869a82cdc87edd974e7a9e44e') in 0.002084 seconds
Number of updated asset objects reloaded before import = 0
Number of asset objects unloaded after import = 1
========================================================================
Received Import Request.
  Time since last request: 79.112984 seconds.
  path: Assets/Resources/Questions/Fitzek.asset
  artifactKey: Guid(4f2cf523917871247a3861f5cbb5909d) Importer(815301076,1909f56bfc062723c751e8b465ee728b)
Start importing Assets/Resources/Questions/Fitzek.asset using Guid(4f2cf523917871247a3861f5cbb5909d) Importer(815301076,1909f56bfc062723c751e8b465ee728b)  -> (artifact id: '065f83271d0092ff30906d245ef84f42') in 0.001717 seconds
Number of updated asset objects reloaded before import = 0
Number of asset objects unloaded after import = 1
========================================================================
Received Import Request.
  Time since last request: 4.256205 seconds.
  path: Assets/Resources/Questions/Geschenk.asset
  artifactKey: Guid(4f2cf523917871247a3861f5cbb5909d) Importer(815301076,1909f56bfc062723c751e8b465ee728b)
Start importing Assets/Resources/Questions/Geschenk.asset using Guid(4f2cf523917871247a3861f5cbb5909d) Importer(815301076,1909f56bfc062723c751e8b465ee728b)  -> (artifact id: 'c9605cc502ad8464d9e26b6342c18f2f') in 0.001226 seconds
Number of updated asset objects reloaded before import = 0
Number of asset objects unloaded after import = 1
========================================================================
Received Import Request.
  Time since last request: 33.433760 seconds.
  path: Assets/Resources/Questions/Gutenberg.asset
  artifactKey: Guid(b7d8b286426f3564da078e95b52d6bab) Importer(815301076,1909f56bfc062723c751e8b465ee728b)
Start importing Assets/Resources/Questions/Gutenberg.asset using Guid(b7d8b286426f3564da078e95b52d6bab) Importer(815301076,1909f56bfc062723c751e8b465ee728b)  -> (artifact id: 'ac3677c5d353bc1d14d48c59e572862e') in 0.001375 seconds
Number of updated asset objects reloaded before import = 0
Number of asset objects unloaded after import = 1
========================================================================
Received Import Request.
  Time since last request: 4.616202 seconds.
  path: Assets/Resources/Questions/Olympier.asset
  artifactKey: Guid(b7d8b286426f3564da078e95b52d6bab) Importer(815301076,1909f56bfc062723c751e8b465ee728b)
Start importing Assets/Resources/Questions/Olympier.asset using Guid(b7d8b286426f3564da078e95b52d6bab) Importer(815301076,1909f56bfc062723c751e8b465ee728b)  -> (artifact id: 'ca1960965b78981a4c2b182d838747b1') in 0.001301 seconds
Number of updated asset objects reloaded before import = 0
Number of asset objects unloaded after import = 1
========================================================================
Received Import Request.
  Time since last request: 48.256929 seconds.
  path: Assets/Resources/Questions/KindDrei.asset
  artifactKey: Guid(dfa1c12b1a065e449b03e0e01d35d827) Importer(815301076,1909f56bfc062723c751e8b465ee728b)
Start importing Assets/Resources/Questions/KindDrei.asset using Guid(dfa1c12b1a065e449b03e0e01d35d827) Importer(815301076,1909f56bfc062723c751e8b465ee728b)  -> (artifact id: 'b95358afe2f03249128d2a0fa14c72d7') in 0.001477 seconds
Number of updated asset objects reloaded before import = 0
Number of asset objects unloaded after import = 1
========================================================================
Received Import Request.
  Time since last request: 90.857576 seconds.
  path: Assets/Resources/Questions/HarryPotter2.asset
  artifactKey: Guid(d0088d7eef2882f46879b4657e5face8) Importer(815301076,1909f56bfc062723c751e8b465ee728b)
Start importing Assets/Resources/Questions/HarryPotter2.asset using Guid(d0088d7eef2882f46879b4657e5face8) Importer(815301076,1909f56bfc062723c751e8b465ee728b)  -> (artifact id: '8a3f529a9fec9382f8878433237f0020') in 0.001425 seconds
Number of updated asset objects reloaded before import = 0
Number of asset objects unloaded after import = 1
========================================================================
Received Import Request.
  Time since last request: 4.902117 seconds.
  path: Assets/Resources/Questions/HermesHütte.asset
  artifactKey: Guid(d0088d7eef2882f46879b4657e5face8) Importer(815301076,1909f56bfc062723c751e8b465ee728b)
Start importing Assets/Resources/Questions/HermesHütte.asset using Guid(d0088d7eef2882f46879b4657e5face8) Importer(815301076,1909f56bfc062723c751e8b465ee728b)  -> (artifact id: '4581697a7ec34965314cde45bc624af5') in 0.001535 seconds
Number of updated asset objects reloaded before import = 0
Number of asset objects unloaded after import = 1
========================================================================
Received Import Request.
  Time since last request: 30.974835 seconds.
  path: Assets/Resources/Questions/JojoMoyes.asset
  artifactKey: Guid(7554f01c1d4586946baedf9da1f657ac) Importer(815301076,1909f56bfc062723c751e8b465ee728b)
Start importing Assets/Resources/Questions/JojoMoyes.asset using Guid(7554f01c1d4586946baedf9da1f657ac) Importer(815301076,1909f56bfc062723c751e8b465ee728b)  -> (artifact id: '159b9eba8cf4c386baf2b82720b20338') in 0.001485 seconds
Number of updated asset objects reloaded before import = 0
Number of asset objects unloaded after import = 1
========================================================================
Received Import Request.
  Time since last request: 3.690244 seconds.
  path: Assets/Resources/Questions/Geburtstag.asset
  artifactKey: Guid(7554f01c1d4586946baedf9da1f657ac) Importer(815301076,1909f56bfc062723c751e8b465ee728b)
Start importing Assets/Resources/Questions/Geburtstag.asset using Guid(7554f01c1d4586946baedf9da1f657ac) Importer(815301076,1909f56bfc062723c751e8b465ee728b)  -> (artifact id: 'e74b535cd55303fada62b55deded71f7') in 0.002589 seconds
Number of updated asset objects reloaded before import = 0
Number of asset objects unloaded after import = 1
========================================================================
Received Import Request.
  Time since last request: 52.856797 seconds.
  path: Assets/Resources/Questions/Lieblingsspiel.asset
  artifactKey: Guid(13700129c543c3444a7569621787b2e4) Importer(815301076,1909f56bfc062723c751e8b465ee728b)
Start importing Assets/Resources/Questions/Lieblingsspiel.asset using Guid(13700129c543c3444a7569621787b2e4) Importer(815301076,1909f56bfc062723c751e8b465ee728b)  -> (artifact id: 'fa865dcecda2df4f2272007fced702e3') in 0.001849 seconds
Number of updated asset objects reloaded before import = 0
Number of asset objects unloaded after import = 1
========================================================================
Received Import Request.
  Time since last request: 45.938222 seconds.
  path: Assets/Resources/Questions/JojoMoyes3.asset
  artifactKey: Guid(e7574c1054dd314498835582a3e00dbf) Importer(815301076,1909f56bfc062723c751e8b465ee728b)
Start importing Assets/Resources/Questions/JojoMoyes3.asset using Guid(e7574c1054dd314498835582a3e00dbf) Importer(815301076,1909f56bfc062723c751e8b465ee728b)  -> (artifact id: 'ebbf2de58992e2e6f0475b45078a44a4') in 0.001622 seconds
Number of updated asset objects reloaded before import = 0
Number of asset objects unloaded after import = 1
========================================================================
Received Import Request.
  Time since last request: 5.643490 seconds.
  path: Assets/Resources/Questions/SchlechteEigenschaft.asset
  artifactKey: Guid(e7574c1054dd314498835582a3e00dbf) Importer(815301076,1909f56bfc062723c751e8b465ee728b)
Start importing Assets/Resources/Questions/SchlechteEigenschaft.asset using Guid(e7574c1054dd314498835582a3e00dbf) Importer(815301076,1909f56bfc062723c751e8b465ee728b)  -> (artifact id: '2a3a668bd321ddff46323dfebdc44844') in 0.002837 seconds
Number of updated asset objects reloaded before import = 0
Number of asset objects unloaded after import = 1
========================================================================
Received Import Request.
  Time since last request: 79.975235 seconds.
  path: Assets/Resources/Questions/Zumstande.asset
  artifactKey: Guid(fdf1f1cd49ff00e4aa61c53dbeec8202) Importer(815301076,1909f56bfc062723c751e8b465ee728b)
Start importing Assets/Resources/Questions/Zumstande.asset using Guid(fdf1f1cd49ff00e4aa61c53dbeec8202) Importer(815301076,1909f56bfc062723c751e8b465ee728b)  -> (artifact id: '4b340d8274f9645fb2648f19aafdd87d') in 0.002613 seconds
Number of updated asset objects reloaded before import = 0
Number of asset objects unloaded after import = 1
========================================================================
Received Import Request.
  Time since last request: 4.338232 seconds.
  path: Assets/Resources/Questions/Ablehnung.asset
  artifactKey: Guid(fdf1f1cd49ff00e4aa61c53dbeec8202) Importer(815301076,1909f56bfc062723c751e8b465ee728b)
Start importing Assets/Resources/Questions/Ablehnung.asset using Guid(fdf1f1cd49ff00e4aa61c53dbeec8202) Importer(815301076,1909f56bfc062723c751e8b465ee728b)  -> (artifact id: '0247371d8e5d55072b121277f744b37a') in 0.001441 seconds
Number of updated asset objects reloaded before import = 0
Number of asset objects unloaded after import = 1
========================================================================
Received Import Request.
  Time since last request: 75.174073 seconds.
  path: Assets/Resources/Questions/Ablehnung.asset
  artifactKey: Guid(fdf1f1cd49ff00e4aa61c53dbeec8202) Importer(815301076,1909f56bfc062723c751e8b465ee728b)
Start importing Assets/Resources/Questions/Ablehnung.asset using Guid(fdf1f1cd49ff00e4aa61c53dbeec8202) Importer(815301076,1909f56bfc062723c751e8b465ee728b)  -> (artifact id: '2327f384e6e057698d0d3385dbf6ded0') in 0.001496 seconds
Number of updated asset objects reloaded before import = 0
Number of asset objects unloaded after import = 1
