Using pre-set license
Built from '2022.3/staging' branch; Version is '2022.3.22f1 (887be4894c44) revision 8944612'; Using compiler version '192829333'; Build Type 'Release'
OS: 'Windows 11  (10.0.22631) 64bit Core' Language: 'de' Physical Memory: 8079 MB
BatchMode: 1, IsHumanControllingUs: 0, StartBugReporterOnCrash: 0, Is64bit: 1, IsPro: 1

COMMAND LINE ARGUMENTS:
C:\Program Files\Unity\Hub\Editor\2022.3.22f1\Editor\Unity.exe
-adb2
-batchMode
-noUpm
-name
AssetImportWorker0
-projectPath
C:/Users/grani/Desktop/Unity Projects/ColleenHoover
-logFile
Logs/AssetImportWorker0.log
-srvPort
53183
Successfully changed project path to: C:/Users/grani/Desktop/Unity Projects/ColleenHoover
C:/Users/grani/Desktop/Unity Projects/ColleenHoover
[UnityMemory] Configuration Parameters - Can be set up in boot.config
    "memorysetup-bucket-allocator-granularity=16"
    "memorysetup-bucket-allocator-bucket-count=8"
    "memorysetup-bucket-allocator-block-size=33554432"
    "memorysetup-bucket-allocator-block-count=8"
    "memorysetup-main-allocator-block-size=16777216"
    "memorysetup-thread-allocator-block-size=16777216"
    "memorysetup-gfx-main-allocator-block-size=16777216"
    "memorysetup-gfx-thread-allocator-block-size=16777216"
    "memorysetup-cache-allocator-block-size=4194304"
    "memorysetup-typetree-allocator-block-size=2097152"
    "memorysetup-profiler-bucket-allocator-granularity=16"
    "memorysetup-profiler-bucket-allocator-bucket-count=8"
    "memorysetup-profiler-bucket-allocator-block-size=33554432"
    "memorysetup-profiler-bucket-allocator-block-count=8"
    "memorysetup-profiler-allocator-block-size=16777216"
    "memorysetup-profiler-editor-allocator-block-size=1048576"
    "memorysetup-temp-allocator-size-main=16777216"
    "memorysetup-job-temp-allocator-block-size=2097152"
    "memorysetup-job-temp-allocator-block-size-background=1048576"
    "memorysetup-job-temp-allocator-reduction-small-platforms=262144"
    "memorysetup-allocator-temp-initial-block-size-main=262144"
    "memorysetup-allocator-temp-initial-block-size-worker=262144"
    "memorysetup-temp-allocator-size-background-worker=32768"
    "memorysetup-temp-allocator-size-job-worker=262144"
    "memorysetup-temp-allocator-size-preload-manager=33554432"
    "memorysetup-temp-allocator-size-nav-mesh-worker=65536"
    "memorysetup-temp-allocator-size-audio-worker=65536"
    "memorysetup-temp-allocator-size-cloud-worker=32768"
    "memorysetup-temp-allocator-size-gi-baking-worker=262144"
    "memorysetup-temp-allocator-size-gfx=262144"
Player connection [53280] Host "[IP] 192.168.56.1 [Port] 0 [Flags] 2 [Guid] 799416145 [EditorId] 799416145 [Version] 1048832 [Id] WindowsEditor(7,LAPTOP-9CDV3T1K) [Debug] 1 [PackageName] WindowsEditor [ProjectName] Editor" joined multi-casting on [225.0.0.222:54997]...

Player connection [53280] Host "[IP] 192.168.56.1 [Port] 0 [Flags] 2 [Guid] 799416145 [EditorId] 799416145 [Version] 1048832 [Id] WindowsEditor(7,LAPTOP-9CDV3T1K) [Debug] 1 [PackageName] WindowsEditor [ProjectName] Editor" joined alternative multi-casting on [225.0.0.222:34997]...

[Physics::Module] Initialized MultithreadedJobDispatcher with 7 workers.
Refreshing native plugins compatible for Editor in 25.11 ms, found 4 plugins.
Preloading 0 native plugins for Editor in 0.00 ms.
Initialize engine version: 2022.3.22f1 (887be4894c44)
[Subsystems] Discovering subsystems at path C:/Program Files/Unity/Hub/Editor/2022.3.22f1/Editor/Data/Resources/UnitySubsystems
[Subsystems] Discovering subsystems at path C:/Users/grani/Desktop/Unity Projects/ColleenHoover/Assets
GfxDevice: creating device client; threaded=0; jobified=0
Direct3D:
    Version:  Direct3D 11.0 [level 11.0]
    Renderer: NVIDIA GeForce MX130 (ID=0x174d)
    Vendor:   NVIDIA
    VRAM:     2008 MB
    Driver:   31.0.15.4680
Initialize mono
Mono path[0] = 'C:/Program Files/Unity/Hub/Editor/2022.3.22f1/Editor/Data/Managed'
Mono path[1] = 'C:/Program Files/Unity/Hub/Editor/2022.3.22f1/Editor/Data/MonoBleedingEdge/lib/mono/unityjit-win32'
Mono config path = 'C:/Program Files/Unity/Hub/Editor/2022.3.22f1/Editor/Data/MonoBleedingEdge/etc'
Using monoOptions --debugger-agent=transport=dt_socket,embedding=1,server=y,suspend=n,address=127.0.0.1:56380
Begin MonoManager ReloadAssembly
Registering precompiled unity dll's ...
Register platform support module: C:/Program Files/Unity/Hub/Editor/2022.3.22f1/Editor/Data/PlaybackEngines/WindowsStandaloneSupport/UnityEditor.WindowsStandalone.Extensions.dll
Registered in 0.017445 seconds.
- Loaded All Assemblies, in  1.068 seconds
Native extension for WindowsStandalone target not found
Mono: successfully reloaded assembly
- Finished resetting the current domain, in  0.638 seconds
Domain Reload Profiling: 1703ms
	BeginReloadAssembly (364ms)
		ExecutionOrderSort (0ms)
		DisableScriptedObjects (0ms)
		BackupInstance (0ms)
		ReleaseScriptingObjects (0ms)
		CreateAndSetChildDomain (1ms)
	RebuildCommonClasses (152ms)
	RebuildNativeTypeToScriptingClass (29ms)
	initialDomainReloadingComplete (129ms)
	LoadAllAssembliesAndSetupDomain (391ms)
		LoadAssemblies (358ms)
		RebuildTransferFunctionScriptingTraits (0ms)
		AnalyzeDomain (386ms)
			TypeCache.Refresh (383ms)
				TypeCache.ScanAssembly (349ms)
			ScanForSourceGeneratedMonoScriptInfo (1ms)
			ResolveRequiredComponents (1ms)
	FinalizeReload (639ms)
		ReleaseScriptCaches (0ms)
		RebuildScriptCaches (0ms)
		SetupLoadedEditorAssemblies (513ms)
			LogAssemblyErrors (0ms)
			InitializePlatformSupportModulesInManaged (20ms)
			SetLoadedEditorAssemblies (18ms)
			RefreshPlugins (0ms)
			BeforeProcessingInitializeOnLoad (4ms)
			ProcessInitializeOnLoadAttributes (359ms)
			ProcessInitializeOnLoadMethodAttributes (111ms)
			AfterProcessingInitializeOnLoad (0ms)
			EditorAssembliesLoaded (0ms)
		ExecutionOrderSort2 (0ms)
		AwakeInstancesAfterBackupRestoration (0ms)
========================================================================
Worker process is ready to serve import requests
Begin MonoManager ReloadAssembly
- Loaded All Assemblies, in  1.470 seconds
Refreshing native plugins compatible for Editor in 10.84 ms, found 4 plugins.
Native extension for WindowsStandalone target not found
Package Manager log level set to [2]
[Package Manager] Server::EnsureServerProcessIsRunning -- launch failed, reason: Unity was launched with the -noUpm command-line argument
[Package Manager] UpmClient::Send -- Unable to send message (not connected to UPM process).
[Package Manager] Cannot connect to Unity Package Manager local server
Mono: successfully reloaded assembly
- Finished resetting the current domain, in  1.362 seconds
Domain Reload Profiling: 2829ms
	BeginReloadAssembly (305ms)
		ExecutionOrderSort (0ms)
		DisableScriptedObjects (10ms)
		BackupInstance (0ms)
		ReleaseScriptingObjects (0ms)
		CreateAndSetChildDomain (43ms)
	RebuildCommonClasses (61ms)
	RebuildNativeTypeToScriptingClass (22ms)
	initialDomainReloadingComplete (92ms)
	LoadAllAssembliesAndSetupDomain (984ms)
		LoadAssemblies (765ms)
		RebuildTransferFunctionScriptingTraits (0ms)
		AnalyzeDomain (402ms)
			TypeCache.Refresh (339ms)
				TypeCache.ScanAssembly (302ms)
			ScanForSourceGeneratedMonoScriptInfo (48ms)
			ResolveRequiredComponents (13ms)
	FinalizeReload (1363ms)
		ReleaseScriptCaches (0ms)
		RebuildScriptCaches (0ms)
		SetupLoadedEditorAssemblies (988ms)
			LogAssemblyErrors (0ms)
			InitializePlatformSupportModulesInManaged (11ms)
			SetLoadedEditorAssemblies (7ms)
			RefreshPlugins (0ms)
			BeforeProcessingInitializeOnLoad (142ms)
			ProcessInitializeOnLoadAttributes (739ms)
			ProcessInitializeOnLoadMethodAttributes (77ms)
			AfterProcessingInitializeOnLoad (12ms)
			EditorAssembliesLoaded (1ms)
		ExecutionOrderSort2 (0ms)
		AwakeInstancesAfterBackupRestoration (20ms)
Launched and connected shader compiler UnityShaderCompiler.exe after 0.12 seconds
Refreshing native plugins compatible for Editor in 7.90 ms, found 4 plugins.
Preloading 0 native plugins for Editor in 0.00 ms.
Unloading 4086 Unused Serialized files (Serialized files now loaded: 0)
Unloading 70 unused Assets / (244.7 KB). Loaded Objects now: 4542.
Memory consumption went from 148.6 MB to 148.3 MB.
Total: 6.083300 ms (FindLiveObjects: 0.444700 ms CreateObjectMapping: 0.474100 ms MarkObjects: 4.700000 ms  DeleteObjects: 0.462700 ms)

AssetImportParameters requested are different than current active one (requested -> active):
  custom:container-demuxer-ogg: 62fdf1f143b41e24485cea50d1cbac27 -> 
  custom:video-decoder-ogg-theora: a1e56fd34408186e4bbccfd4996cb3dc -> 
  custom:framework-win-MediaFoundation: 216162199b28c13a410421893ffa2e32 -> 
  custom:CustomObjectIndexerAttribute: 9a22284fe3817be447336de3de66b15e -> 
  custom:container-demuxer-webm: 4f35f7cbe854078d1ac9338744f61a02 -> 
  custom:container-muxer-webm: aa71ff27fc2769a1b78a27578f13a17b -> 
  custom:video-decoder-webm-vp8: 9c59270c3fd7afecdb556c50c9e8de78 -> 
  custom:SearchIndexIgnoredProperties: e643bd26f0fe6173181afceb89e7c659 -> 
  custom:AudioImporter_EditorPlatform: d09bf68614088b80899f8185d706f6e7 -> 
  custom:video-encoder-webm-vp8: eb34c28f22e8b96e1ab97ce403110664 -> 
  custom:audio-decoder-ogg-vorbis: bf7c407c2cedff20999df2af8eb42d56 -> 
  custom:audio-encoder-webm-vorbis: bf7c407c2cedff20999df2af8eb42d56 -> 
========================================================================
Received Import Request.
  Time since last request: 1203157.883051 seconds.
  path: Assets/Resources/Questions/Originaltitel.asset
  artifactKey: Guid(bad8548344c2cdf4ab0647b6bed4ad88) Importer(815301076,1909f56bfc062723c751e8b465ee728b)
Start importing Assets/Resources/Questions/Originaltitel.asset using Guid(bad8548344c2cdf4ab0647b6bed4ad88) Importer(815301076,1909f56bfc062723c751e8b465ee728b)  -> (artifact id: 'f9b761e7a6328b3beb0abadb9782c325') in 0.020747 seconds
Number of updated asset objects reloaded before import = 0
Number of asset objects unloaded after import = 1
========================================================================
Received Import Request.
  Time since last request: 42.506362 seconds.
  path: Assets/Resources/Questions/Buchreihe.asset
  artifactKey: Guid(91112022249ad14499d2eca27af9de2d) Importer(815301076,1909f56bfc062723c751e8b465ee728b)
Start importing Assets/Resources/Questions/Buchreihe.asset using Guid(91112022249ad14499d2eca27af9de2d) Importer(815301076,1909f56bfc062723c751e8b465ee728b)  -> (artifact id: 'd8fc998e5737b44f9214993fe2414ca0') in 0.001419 seconds
Number of updated asset objects reloaded before import = 0
Number of asset objects unloaded after import = 1
========================================================================
Received Import Request.
  Time since last request: 5.076368 seconds.
  path: Assets/Resources/Questions/Protagonistin.asset
  artifactKey: Guid(91112022249ad14499d2eca27af9de2d) Importer(815301076,1909f56bfc062723c751e8b465ee728b)
Start importing Assets/Resources/Questions/Protagonistin.asset using Guid(91112022249ad14499d2eca27af9de2d) Importer(815301076,1909f56bfc062723c751e8b465ee728b)  -> (artifact id: '004f6a61f0dc00ec5a1d0caf4573282c') in 0.001507 seconds
Number of updated asset objects reloaded before import = 0
Number of asset objects unloaded after import = 1
========================================================================
Received Import Request.
  Time since last request: 51.045069 seconds.
  path: Assets/Resources/Questions/Fitzek.asset
  artifactKey: Guid(4f2cf523917871247a3861f5cbb5909d) Importer(815301076,1909f56bfc062723c751e8b465ee728b)
Start importing Assets/Resources/Questions/Fitzek.asset using Guid(4f2cf523917871247a3861f5cbb5909d) Importer(815301076,1909f56bfc062723c751e8b465ee728b)  -> (artifact id: '065f83271d0092ff30906d245ef84f42') in 0.001460 seconds
Number of updated asset objects reloaded before import = 0
Number of asset objects unloaded after import = 1
========================================================================
Received Import Request.
  Time since last request: 8.305397 seconds.
  path: Assets/Resources/Questions/Liliys Partner.asset
  artifactKey: Guid(4f2cf523917871247a3861f5cbb5909d) Importer(815301076,1909f56bfc062723c751e8b465ee728b)
Start importing Assets/Resources/Questions/Liliys Partner.asset using Guid(4f2cf523917871247a3861f5cbb5909d) Importer(815301076,1909f56bfc062723c751e8b465ee728b)  -> (artifact id: '247b3a71ca35bb543a22e6d3b55efb4c') in 0.001841 seconds
Number of updated asset objects reloaded before import = 0
Number of asset objects unloaded after import = 1
========================================================================
Received Import Request.
  Time since last request: 65.285266 seconds.
  path: Assets/Resources/Questions/Schwester.asset
  artifactKey: Guid(dfa1c12b1a065e449b03e0e01d35d827) Importer(815301076,1909f56bfc062723c751e8b465ee728b)
Start importing Assets/Resources/Questions/Schwester.asset using Guid(dfa1c12b1a065e449b03e0e01d35d827) Importer(815301076,1909f56bfc062723c751e8b465ee728b)  -> (artifact id: '5df42027702032f5a466e927993a02eb') in 0.001993 seconds
Number of updated asset objects reloaded before import = 0
Number of asset objects unloaded after import = 1
========================================================================
Received Import Request.
  Time since last request: 35.993131 seconds.
  path: Assets/Resources/Questions/HarryPotter2.asset
  artifactKey: Guid(d0088d7eef2882f46879b4657e5face8) Importer(815301076,1909f56bfc062723c751e8b465ee728b)
Start importing Assets/Resources/Questions/HarryPotter2.asset using Guid(d0088d7eef2882f46879b4657e5face8) Importer(815301076,1909f56bfc062723c751e8b465ee728b)  -> (artifact id: '8a3f529a9fec9382f8878433237f0020') in 0.001655 seconds
Number of updated asset objects reloaded before import = 0
Number of asset objects unloaded after import = 1
========================================================================
Received Import Request.
  Time since last request: 5.243876 seconds.
  path: Assets/Resources/Questions/Kindheitsschwar.asset
  artifactKey: Guid(d0088d7eef2882f46879b4657e5face8) Importer(815301076,1909f56bfc062723c751e8b465ee728b)
Start importing Assets/Resources/Questions/Kindheitsschwar.asset using Guid(d0088d7eef2882f46879b4657e5face8) Importer(815301076,1909f56bfc062723c751e8b465ee728b)  -> (artifact id: 'e46923cb2e5b2ef3e89851476fc29b09') in 0.001711 seconds
Number of updated asset objects reloaded before import = 0
Number of asset objects unloaded after import = 1
========================================================================
Received Import Request.
  Time since last request: 38.858658 seconds.
  path: Assets/Resources/Questions/Kindheitsschwarm.asset
  artifactKey: Guid(d0088d7eef2882f46879b4657e5face8) Importer(815301076,1909f56bfc062723c751e8b465ee728b)
Start importing Assets/Resources/Questions/Kindheitsschwarm.asset using Guid(d0088d7eef2882f46879b4657e5face8) Importer(815301076,1909f56bfc062723c751e8b465ee728b)  -> (artifact id: '83cb83e354f60ee4dd62990d69d898e9') in 0.001847 seconds
Number of updated asset objects reloaded before import = 0
Number of asset objects unloaded after import = 1
========================================================================
Received Import Request.
  Time since last request: 9.132251 seconds.
  path: Assets/Resources/Questions/Gutenberg.asset
  artifactKey: Guid(b7d8b286426f3564da078e95b52d6bab) Importer(815301076,1909f56bfc062723c751e8b465ee728b)
Start importing Assets/Resources/Questions/Gutenberg.asset using Guid(b7d8b286426f3564da078e95b52d6bab) Importer(815301076,1909f56bfc062723c751e8b465ee728b)  -> (artifact id: 'ac3677c5d353bc1d14d48c59e572862e') in 0.001298 seconds
Number of updated asset objects reloaded before import = 0
Number of asset objects unloaded after import = 1
========================================================================
Received Import Request.
  Time since last request: 4.302280 seconds.
  path: Assets/Resources/Questions/LilyAtlas.asset
  artifactKey: Guid(b7d8b286426f3564da078e95b52d6bab) Importer(815301076,1909f56bfc062723c751e8b465ee728b)
Start importing Assets/Resources/Questions/LilyAtlas.asset using Guid(b7d8b286426f3564da078e95b52d6bab) Importer(815301076,1909f56bfc062723c751e8b465ee728b)  -> (artifact id: '670020c8373c81f5b98726c787b04ced') in 0.001869 seconds
Number of updated asset objects reloaded before import = 0
Number of asset objects unloaded after import = 1
========================================================================
Received Import Request.
  Time since last request: 40.679894 seconds.
  path: Assets/Resources/Questions/JojoMoyes.asset
  artifactKey: Guid(7554f01c1d4586946baedf9da1f657ac) Importer(815301076,1909f56bfc062723c751e8b465ee728b)
Start importing Assets/Resources/Questions/JojoMoyes.asset using Guid(7554f01c1d4586946baedf9da1f657ac) Importer(815301076,1909f56bfc062723c751e8b465ee728b)  -> (artifact id: '159b9eba8cf4c386baf2b82720b20338') in 0.001963 seconds
Number of updated asset objects reloaded before import = 0
Number of asset objects unloaded after import = 1
========================================================================
Received Import Request.
  Time since last request: 3.831754 seconds.
  path: Assets/Resources/Questions/Onesie.asset
  artifactKey: Guid(7554f01c1d4586946baedf9da1f657ac) Importer(815301076,1909f56bfc062723c751e8b465ee728b)
Start importing Assets/Resources/Questions/Onesie.asset using Guid(7554f01c1d4586946baedf9da1f657ac) Importer(815301076,1909f56bfc062723c751e8b465ee728b)  -> (artifact id: '4d05129bfa8453eeb5655bf1c52c28b5') in 0.001494 seconds
Number of updated asset objects reloaded before import = 0
Number of asset objects unloaded after import = 1
========================================================================
Received Import Request.
  Time since last request: 59.286832 seconds.
  path: Assets/Resources/Questions/LilysTraum.asset
  artifactKey: Guid(13700129c543c3444a7569621787b2e4) Importer(815301076,1909f56bfc062723c751e8b465ee728b)
Start importing Assets/Resources/Questions/LilysTraum.asset using Guid(13700129c543c3444a7569621787b2e4) Importer(815301076,1909f56bfc062723c751e8b465ee728b)  -> (artifact id: 'd6fe159cab5ca5129de68ae4dc9d0e94') in 0.002001 seconds
Number of updated asset objects reloaded before import = 0
Number of asset objects unloaded after import = 1
========================================================================
Received Import Request.
  Time since last request: 43.663980 seconds.
  path: Assets/Resources/Questions/JojoMoyes3.asset
  artifactKey: Guid(e7574c1054dd314498835582a3e00dbf) Importer(815301076,1909f56bfc062723c751e8b465ee728b)
Start importing Assets/Resources/Questions/JojoMoyes3.asset using Guid(e7574c1054dd314498835582a3e00dbf) Importer(815301076,1909f56bfc062723c751e8b465ee728b)  -> (artifact id: 'ebbf2de58992e2e6f0475b45078a44a4') in 0.001538 seconds
Number of updated asset objects reloaded before import = 0
Number of asset objects unloaded after import = 1
========================================================================
Received Import Request.
  Time since last request: 3.485929 seconds.
  path: Assets/Resources/Questions/Haarfarbe.asset
  artifactKey: Guid(e7574c1054dd314498835582a3e00dbf) Importer(815301076,1909f56bfc062723c751e8b465ee728b)
Start importing Assets/Resources/Questions/Haarfarbe.asset using Guid(e7574c1054dd314498835582a3e00dbf) Importer(815301076,1909f56bfc062723c751e8b465ee728b)  -> (artifact id: 'ac1eac1a480c9c7c07bd68f6553d948a') in 0.001465 seconds
Number of updated asset objects reloaded before import = 0
Number of asset objects unloaded after import = 1
========================================================================
Received Import Request.
  Time since last request: 26.464229 seconds.
  path: Assets/Resources/Questions/Zumstande.asset
  artifactKey: Guid(fdf1f1cd49ff00e4aa61c53dbeec8202) Importer(815301076,1909f56bfc062723c751e8b465ee728b)
Start importing Assets/Resources/Questions/Zumstande.asset using Guid(fdf1f1cd49ff00e4aa61c53dbeec8202) Importer(815301076,1909f56bfc062723c751e8b465ee728b)  -> (artifact id: '4b340d8274f9645fb2648f19aafdd87d') in 0.001618 seconds
Number of updated asset objects reloaded before import = 0
Number of asset objects unloaded after import = 1
========================================================================
Received Import Request.
  Time since last request: 5.954048 seconds.
  path: Assets/Resources/Questions/Marshall.asset
  artifactKey: Guid(fdf1f1cd49ff00e4aa61c53dbeec8202) Importer(815301076,1909f56bfc062723c751e8b465ee728b)
Start importing Assets/Resources/Questions/Marshall.asset using Guid(fdf1f1cd49ff00e4aa61c53dbeec8202) Importer(815301076,1909f56bfc062723c751e8b465ee728b)  -> (artifact id: '05a22ecba1e80c7664446f876cb628a9') in 0.001924 seconds
Number of updated asset objects reloaded before import = 0
Number of asset objects unloaded after import = 1
========================================================================
Received Import Request.
  Time since last request: 78.155260 seconds.
  path: Assets/Resources/Questions/Marshall.asset
  artifactKey: Guid(fdf1f1cd49ff00e4aa61c53dbeec8202) Importer(815301076,1909f56bfc062723c751e8b465ee728b)
Start importing Assets/Resources/Questions/Marshall.asset using Guid(fdf1f1cd49ff00e4aa61c53dbeec8202) Importer(815301076,1909f56bfc062723c751e8b465ee728b)  -> (artifact id: '78a63417994157a9fe5bc57e7359d011') in 0.001542 seconds
Number of updated asset objects reloaded before import = 0
Number of asset objects unloaded after import = 1
